uniCovid.exe Information: 0 : Listado abierto
    DateTime=2021-04-28T12:44:45.9725383Z
    Timestamp=3390181491854
uniCovid.exe Information: 0 : La lista cerrada
    DateTime=2021-04-28T12:44:52.3460835Z
    Timestamp=3390245221649
uniCovid.exe Information: 0 : Aplicacion cerrada
    DateTime=2021-04-28T12:45:01.0220550Z
    Timestamp=3390331988718
uniCovid.exe Information: 0 : Listado abierto
    DateTime=2021-04-28T12:45:09.3737691Z
    Timestamp=3390415503529
uniCovid.exe Information: 0 : Aplicacion cerrada
    DateTime=2021-04-28T12:45:18.9618223Z
    Timestamp=3390511386200
uniCovid.exe Information: 0 : Listado abierto
    DateTime=2021-04-28T14:10:11.8466711Z
    Timestamp=3441440229628
uniCovid.exe Information: 0 : Listado abierto
    DateTime=2021-04-28T14:25:30.0740913Z
    Timestamp=3450622510940
uniCovid.exe Information: 0 : La lista cerrada
    DateTime=2021-04-28T14:25:58.0714267Z
    Timestamp=3450902481947
uniCovid.exe Information: 0 : Aplicacion cerrada
    DateTime=2021-04-28T14:26:01.7778008Z
    Timestamp=3450939539043
uniCovid.exe Information: 0 : Listado abierto
    DateTime=2021-04-28T14:30:52.2445320Z
    Timestamp=3453844214705
uniCovid.exe Information: 0 : La lista cerrada
    DateTime=2021-04-28T14:30:56.5463960Z
    Timestamp=3453887230046
uniCovid.exe Information: 0 : Aplicacion cerrada
    DateTime=2021-04-28T14:30:57.9196601Z
    Timestamp=3453900961518
uniCovid.exe Information: 0 : Listado abierto
    DateTime=2021-04-28T14:38:01.9827666Z
    Timestamp=3458141597350
uniCovid.exe Information: 0 : CRUD abierto
    DateTime=2021-04-28T14:38:08.4439625Z
    Timestamp=3458206207007
uniCovid.exe Information: 0 : Listado abierto
    DateTime=2021-04-28T14:59:15.0803401Z
    Timestamp=3470872569465
uniCovid.exe Information: 0 : La lista cerrada
    DateTime=2021-04-28T14:59:22.4285551Z
    Timestamp=3470946055426
uniCovid.exe Information: 0 : CRUD abierto
    DateTime=2021-04-28T14:59:23.8413065Z
    Timestamp=3470960181858
uniCovid.exe Information: 0 : Listado abierto
    DateTime=2021-04-28T15:18:30.4166259Z
    Timestamp=3482425928145
uniCovid.exe Information: 0 : Listado abierto
    DateTime=2021-04-28T15:19:27.8305697Z
    Timestamp=3483000071524
uniCovid.exe Information: 0 : Listado abierto
    DateTime=2021-04-28T15:20:45.1361701Z
    Timestamp=3483773123230
uniCovid.exe Information: 0 : La lista cerrada
    DateTime=2021-04-28T15:20:49.8788250Z
    Timestamp=3483820550767
uniCovid.exe Information: 0 : Aplicacion cerrada
    DateTime=2021-04-28T15:20:52.1629678Z
    Timestamp=3483843396734
uniCovid.exe Information: 0 : Listado abierto
    DateTime=2021-04-28T16:03:34.1902237Z
    Timestamp=3509463669302
uniCovid.exe Information: 0 : Listado abierto
    DateTime=2021-04-28T17:37:30.5890161Z
    Timestamp=3565827656397
uniCovid.exe Information: 0 : La lista cerrada
    DateTime=2021-04-28T17:37:39.0788537Z
    Timestamp=3565912554176
uniCovid.exe Information: 0 : Listado abierto
    DateTime=2021-04-28T17:37:40.0182786Z
    Timestamp=3565921951001
uniCovid.exe Information: 0 : La lista cerrada
    DateTime=2021-04-28T17:37:43.2669120Z
    Timestamp=3565954434702
uniCovid.exe Information: 0 : Aplicacion cerrada
    DateTime=2021-04-28T17:37:45.4321892Z
    Timestamp=3565976092156
